Using pre-set license

 COMMAND LINE ARGUMENTS:
/Applications/Unity/Hub/Editor/2020.3.3f1/Unity.app/Contents/MacOS/Unity
-adb2
-batchMode
-noUpm
-name
AssetImportWorker1
-projectPath
/Volumes/Backup Drive/Documents/ENCORA/VRInterior/VRInterior/VRInterior
-logFile
Logs/AssetImportWorker1.log
-srvPort
57081
Successfully changed project path to: /Volumes/Backup Drive/Documents/ENCORA/VRInterior/VRInterior/VRInterior
/Volumes/Backup Drive/Documents/ENCORA/VRInterior/VRInterior/VRInterior
Using Asset Import Pipeline V2.
Refreshing native plugins compatible for Editor in 1683.82 ms, found 1 plugins.
Preloading 0 native plugins for Editor in 0.00 ms.
Initialize engine version: 2020.3.3f1 (76626098c1c4)
[Subsystems] Discovering subsystems at path /Applications/Unity/Hub/Editor/2020.3.3f1/Unity.app/Contents/Resources/UnitySubsystems
[Subsystems] Discovering subsystems at path /Volumes/Backup Drive/Documents/ENCORA/VRInterior/VRInterior/VRInterior/Assets
GfxDevice: creating device client; threaded=0
2022-03-15 23:06:11.599 Unity[9387:1761450] Color LCD preferred device: Intel HD Graphics 4000 (low power)
2022-03-15 23:06:11.599 Unity[9387:1761450] Metal devices available: 1
2022-03-15 23:06:11.599 Unity[9387:1761450] 0: Intel HD Graphics 4000 (low power)
2022-03-15 23:06:11.627 Unity[9387:1761450] Using device Intel HD Graphics 4000 (low power)
Initializing Metal device caps: Intel HD Graphics 4000
Initialize mono
Mono path[0] = '/Applications/Unity/Hub/Editor/2020.3.3f1/Unity.app/Contents/Managed'
Mono path[1] = '/Applications/Unity/Hub/Editor/2020.3.3f1/Unity.app/Contents/MonoBleedingEdge/lib/mono/unityjit'
Mono config path = '/Applications/Unity/Hub/Editor/2020.3.3f1/Unity.app/Contents/MonoBleedingEdge/etc'
Using monoOptions --debugger-agent=transport=dt_socket,embedding=1,server=y,suspend=n,address=127.0.0.1:56387
Begin MonoManager ReloadAssembly
Registering precompiled unity dll's ...
Register platform support module: /Applications/Unity/Hub/Editor/2020.3.3f1/Unity.app/Contents/PlaybackEngines/MacStandaloneSupport/UnityEditor.OSXStandalone.Extensions.dll
Register platform support module: /Applications/Unity/Hub/Editor/2020.3.3f1/PlaybackEngines/WindowsStandaloneSupport/UnityEditor.WindowsStandalone.Extensions.dll
Registered in 0.083893 seconds.
Native extension for WindowsStandalone target not found
Native extension for OSXStandalone target not found
Refreshing native plugins compatible for Editor in 65.01 ms, found 1 plugins.
Preloading 0 native plugins for Editor in 0.00 ms.
Invoked RoslynAnalysisRunner static constructor.
RoslynAnalysisRunner will not be running.
RoslynAnalysisRunner has terminated.
Mono: successfully reloaded assembly
- Completed reload, in 16.500 seconds
Platform modules already initialized, skipping
Registering precompiled user dll's ...
Registered in 0.354102 seconds.
